[17:56:59] [Server thread/INFO]: Starting minecraft server version 1.14.4
[17:56:59] [Server thread/INFO]: Loading properties
[17:56:59] [Server thread/INFO]: This server is running CraftBukkit version git-Spigot-9de398a-9c887d4 (MC: 1.14.4) (Implementing API version 1.14.4-R0.1-SNAPSHOT)
[17:56:59] [Server thread/INFO]: Debug logging is disabled
[17:56:59] [Server thread/INFO]: Server Ping Player Sample Count: 12
[17:57:00] [Server thread/INFO]: Using 4 threads for Netty based IO
[17:57:00] [Server thread/INFO]: Default game type: SURVIVAL
[17:57:00] [Server thread/INFO]: Generating keypair
[17:57:00] [Server thread/INFO]: Starting Minecraft server on *:25565
[17:57:00] [Server thread/INFO]: Using default channel type
[17:57:10] [Server thread/INFO]: [MailMe] Loading MailMe v1.0-BETA
[17:57:10] [Server thread/INFO]: Preparing level "world"
[17:57:10] [Server thread/INFO]: Reloading ResourceManager: Default, bukkit
[17:57:16] [Server thread/INFO]: Loaded 6 recipes
[17:57:17] [Server thread/INFO]: -------- World Settings For [world] --------
[17:57:17] [Server thread/INFO]: View Distance: 10
[17:57:17] [Server thread/INFO]: Item Despawn Rate: 6000
[17:57:17] [Server thread/INFO]: Item Merge Radius: 2.5
[17:57:17] [Server thread/INFO]: Arrow Despawn Rate: 1200
[17:57:17] [Server thread/INFO]: Allow Zombie Pigmen to spawn from portal blocks: true
[17:57:17] [Server thread/INFO]: Zombie Aggressive Towards Villager: true
[17:57:17] [Server thread/INFO]: Nerfing mobs spawned from spawners: false
[17:57:17] [Server thread/INFO]: Experience Merge Radius: 3.0
[17:57:17] [Server thread/INFO]: Mob Spawn Range: 6
[17:57:17] [Server thread/INFO]: Cactus Growth Modifier: 100%
[17:57:17] [Server thread/INFO]: Cane Growth Modifier: 100%
[17:57:17] [Server thread/INFO]: Melon Growth Modifier: 100%
[17:57:17] [Server thread/INFO]: Mushroom Growth Modifier: 100%
[17:57:17] [Server thread/INFO]: Pumpkin Growth Modifier: 100%
[17:57:17] [Server thread/INFO]: Sapling Growth Modifier: 100%
[17:57:17] [Server thread/INFO]: Beetroot Growth Modifier: 100%
[17:57:17] [Server thread/INFO]: Carrot Growth Modifier: 100%
[17:57:17] [Server thread/INFO]: Potato Growth Modifier: 100%
[17:57:17] [Server thread/INFO]: Wheat Growth Modifier: 100%
[17:57:17] [Server thread/INFO]: NetherWart Growth Modifier: 100%
[17:57:17] [Server thread/INFO]: Vine Growth Modifier: 100%
[17:57:17] [Server thread/INFO]: Cocoa Growth Modifier: 100%
[17:57:17] [Server thread/INFO]: Bamboo Growth Modifier: 100%
[17:57:17] [Server thread/INFO]: SweetBerry Growth Modifier: 100%
[17:57:17] [Server thread/INFO]: Kelp Growth Modifier: 100%
[17:57:17] [Server thread/INFO]: Entity Activation Range: An 32 / Mo 32 / Ra 48 / Mi 16 / Tiv true
[17:57:17] [Server thread/INFO]: Entity Tracking Range: Pl 48 / An 48 / Mo 48 / Mi 32 / Other 64
[17:57:17] [Server thread/INFO]: Hopper Transfer: 8 Hopper Check: 1 Hopper Amount: 1
[17:57:17] [Server thread/INFO]: Custom Map Seeds:  Village: 10387312 Desert: 14357617 Igloo: 14357618 Jungle: 14357619 Swamp: 14357620 Monument: 10387313Ocean: 14357621 Shipwreck: 165745295 Slime: 987234911
[17:57:17] [Server thread/INFO]: Max TNT Explosions: 100
[17:57:17] [Server thread/INFO]: Tile Max Tick Time: 50ms Entity max Tick Time: 50ms
[17:57:17] [Server thread/INFO]: -------- World Settings For [world_nether] --------
[17:57:17] [Server thread/INFO]: View Distance: 10
[17:57:17] [Server thread/INFO]: Item Despawn Rate: 6000
[17:57:17] [Server thread/INFO]: Item Merge Radius: 2.5
[17:57:17] [Server thread/INFO]: Arrow Despawn Rate: 1200
[17:57:17] [Server thread/INFO]: Allow Zombie Pigmen to spawn from portal blocks: true
[17:57:17] [Server thread/INFO]: Zombie Aggressive Towards Villager: true
[17:57:17] [Server thread/INFO]: Nerfing mobs spawned from spawners: false
[17:57:17] [Server thread/INFO]: Experience Merge Radius: 3.0
[17:57:17] [Server thread/INFO]: Mob Spawn Range: 6
[17:57:17] [Server thread/INFO]: Cactus Growth Modifier: 100%
[17:57:17] [Server thread/INFO]: Cane Growth Modifier: 100%
[17:57:17] [Server thread/INFO]: Melon Growth Modifier: 100%
[17:57:17] [Server thread/INFO]: Mushroom Growth Modifier: 100%
[17:57:17] [Server thread/INFO]: Pumpkin Growth Modifier: 100%
[17:57:17] [Server thread/INFO]: Sapling Growth Modifier: 100%
[17:57:17] [Server thread/INFO]: Beetroot Growth Modifier: 100%
[17:57:17] [Server thread/INFO]: Carrot Growth Modifier: 100%
[17:57:17] [Server thread/INFO]: Potato Growth Modifier: 100%
[17:57:17] [Server thread/INFO]: Wheat Growth Modifier: 100%
[17:57:17] [Server thread/INFO]: NetherWart Growth Modifier: 100%
[17:57:17] [Server thread/INFO]: Vine Growth Modifier: 100%
[17:57:17] [Server thread/INFO]: Cocoa Growth Modifier: 100%
[17:57:17] [Server thread/INFO]: Bamboo Growth Modifier: 100%
[17:57:17] [Server thread/INFO]: SweetBerry Growth Modifier: 100%
[17:57:17] [Server thread/INFO]: Kelp Growth Modifier: 100%
[17:57:17] [Server thread/INFO]: Entity Activation Range: An 32 / Mo 32 / Ra 48 / Mi 16 / Tiv true
[17:57:17] [Server thread/INFO]: Entity Tracking Range: Pl 48 / An 48 / Mo 48 / Mi 32 / Other 64
[17:57:17] [Server thread/INFO]: Hopper Transfer: 8 Hopper Check: 1 Hopper Amount: 1
[17:57:17] [Server thread/INFO]: Custom Map Seeds:  Village: 10387312 Desert: 14357617 Igloo: 14357618 Jungle: 14357619 Swamp: 14357620 Monument: 10387313Ocean: 14357621 Shipwreck: 165745295 Slime: 987234911
[17:57:17] [Server thread/INFO]: Max TNT Explosions: 100
[17:57:17] [Server thread/INFO]: Tile Max Tick Time: 50ms Entity max Tick Time: 50ms
[17:57:17] [Server thread/INFO]: -------- World Settings For [world_the_end] --------
[17:57:17] [Server thread/INFO]: View Distance: 10
[17:57:17] [Server thread/INFO]: Item Despawn Rate: 6000
[17:57:17] [Server thread/INFO]: Item Merge Radius: 2.5
[17:57:17] [Server thread/INFO]: Arrow Despawn Rate: 1200
[17:57:17] [Server thread/INFO]: Allow Zombie Pigmen to spawn from portal blocks: true
[17:57:17] [Server thread/INFO]: Zombie Aggressive Towards Villager: true
[17:57:17] [Server thread/INFO]: Nerfing mobs spawned from spawners: false
[17:57:17] [Server thread/INFO]: Experience Merge Radius: 3.0
[17:57:17] [Server thread/INFO]: Mob Spawn Range: 6
[17:57:17] [Server thread/INFO]: Cactus Growth Modifier: 100%
[17:57:17] [Server thread/INFO]: Cane Growth Modifier: 100%
[17:57:17] [Server thread/INFO]: Melon Growth Modifier: 100%
[17:57:17] [Server thread/INFO]: Mushroom Growth Modifier: 100%
[17:57:17] [Server thread/INFO]: Pumpkin Growth Modifier: 100%
[17:57:17] [Server thread/INFO]: Sapling Growth Modifier: 100%
[17:57:17] [Server thread/INFO]: Beetroot Growth Modifier: 100%
[17:57:17] [Server thread/INFO]: Carrot Growth Modifier: 100%
[17:57:17] [Server thread/INFO]: Potato Growth Modifier: 100%
[17:57:17] [Server thread/INFO]: Wheat Growth Modifier: 100%
[17:57:17] [Server thread/INFO]: NetherWart Growth Modifier: 100%
[17:57:17] [Server thread/INFO]: Vine Growth Modifier: 100%
[17:57:17] [Server thread/INFO]: Cocoa Growth Modifier: 100%
[17:57:17] [Server thread/INFO]: Bamboo Growth Modifier: 100%
[17:57:17] [Server thread/INFO]: SweetBerry Growth Modifier: 100%
[17:57:17] [Server thread/INFO]: Kelp Growth Modifier: 100%
[17:57:17] [Server thread/INFO]: Entity Activation Range: An 32 / Mo 32 / Ra 48 / Mi 16 / Tiv true
[17:57:17] [Server thread/INFO]: Entity Tracking Range: Pl 48 / An 48 / Mo 48 / Mi 32 / Other 64
[17:57:17] [Server thread/INFO]: Hopper Transfer: 8 Hopper Check: 1 Hopper Amount: 1
[17:57:17] [Server thread/INFO]: Custom Map Seeds:  Village: 10387312 Desert: 14357617 Igloo: 14357618 Jungle: 14357619 Swamp: 14357620 Monument: 10387313Ocean: 14357621 Shipwreck: 165745295 Slime: 987234911
[17:57:17] [Server thread/INFO]: Max TNT Explosions: 100
[17:57:17] [Server thread/INFO]: Tile Max Tick Time: 50ms Entity max Tick Time: 50ms
[17:57:17] [Server thread/INFO]: Preparing start region for dimension 'world'/minecraft:overworld
[17:57:19] [Server thread/INFO]: Preparing spawn area: 0%
[17:57:19] [Server thread/INFO]: Preparing spawn area: 0%
[17:57:19] [Server thread/INFO]: Preparing spawn area: 0%
[17:57:19] [Server thread/INFO]: Preparing spawn area: 0%
[17:57:19] [Server thread/INFO]: Preparing spawn area: 0%
[17:57:22] [Server-Worker-2/INFO]: Preparing spawn area: 83%
[17:57:22] [Server-Worker-1/INFO]: Preparing spawn area: 83%
[17:57:22] [Server-Worker-1/INFO]: Preparing spawn area: 83%
[17:57:22] [Server-Worker-2/INFO]: Preparing spawn area: 83%
[17:57:22] [Server-Worker-2/INFO]: Preparing spawn area: 83%
[17:57:22] [Server-Worker-2/INFO]: Preparing spawn area: 84%
[17:57:22] [Server-Worker-2/INFO]: Preparing spawn area: 87%
[17:57:23] [Server-Worker-3/INFO]: Preparing spawn area: 87%
[17:57:23] [Server-Worker-1/INFO]: Preparing spawn area: 87%
[17:57:24] [Server-Worker-2/INFO]: Preparing spawn area: 87%
[17:57:25] [Server-Worker-3/INFO]: Preparing spawn area: 89%
[17:57:25] [Server-Worker-1/INFO]: Preparing spawn area: 90%
[17:57:25] [Server-Worker-2/INFO]: Preparing spawn area: 96%
[17:57:26] [Server-Worker-2/INFO]: Preparing spawn area: 99%
[17:57:26] [Server thread/INFO]: Time elapsed: 9152 ms
[17:57:26] [Server thread/INFO]: Preparing start region for dimension 'world_nether'/minecraft:the_nether
[17:57:27] [Server thread/INFO]: Preparing spawn area: 0%
[17:57:27] [Server thread/INFO]: Preparing spawn area: 0%
[17:57:27] [Server thread/INFO]: Preparing spawn area: 11%
[17:57:28] [Server-Worker-2/INFO]: Preparing spawn area: 83%
[17:57:28] [Server-Worker-2/INFO]: Preparing spawn area: 83%
[17:57:29] [Server-Worker-3/INFO]: Preparing spawn area: 83%
[17:57:29] [Server-Worker-2/INFO]: Preparing spawn area: 83%
[17:57:30] [Server-Worker-1/INFO]: Preparing spawn area: 86%
[17:57:30] [Server-Worker-2/INFO]: Preparing spawn area: 90%
[17:57:31] [Server-Worker-3/INFO]: Preparing spawn area: 96%
[17:57:31] [Server thread/INFO]: Time elapsed: 4731 ms
[17:57:31] [Server thread/INFO]: Preparing start region for dimension 'world_the_end'/minecraft:the_end
[17:57:31] [Server thread/INFO]: Preparing spawn area: 0%
[17:57:31] [Server-Worker-1/INFO]: Preparing spawn area: 15%
[17:57:32] [Server-Worker-1/INFO]: Preparing spawn area: 83%
[17:57:32] [Server thread/INFO]: Time elapsed: 1343 ms
[17:57:32] [Server thread/INFO]: [MailMe] Enabling MailMe v1.0-BETA
[17:57:33] [User Authenticator #1/INFO]: UUID of player Harolds is 2b4fb8f8-b62b-4623-a777-b80495f92d81
[17:57:33] [Server thread/INFO]: Server permissions file permissions.yml is empty, ignoring it
[17:57:33] [Server thread/INFO]: Done (23.575s)! For help, type "help"
[17:57:34] [Server thread/INFO]: Harolds[/127.0.0.1:65467] logged in with entity id 228 at ([world]15.449192469481655, 85.0, -40.84763377209237)
[17:57:37] [Server thread/INFO]: Harolds issued server command: /mailme lang EN
[17:57:51] [Server thread/INFO]: Harolds issued server command: /mailme lang EN
[17:58:01] [JDWP Transport Listener: dt_socket/INFO]: HOTSWAP AGENT: 17:58:01.305 RELOAD (org.hotswap.agent.plugin.jvm.AnonymousClassPatchPlugin) - Class 'me/harry0198/mailme/utility/Utils' has been enhanced with anonymous classes for hotswap.
[17:58:03] [Server thread/INFO]: Harolds issued server command: /mailme lang EN
[17:58:46] [Server thread/INFO]: Harolds issued server command: /GAMEMODE CREative
[17:58:49] [Server thread/INFO]: Harolds issued server command: /gamemode creative
[17:58:49] [Server thread/INFO]: [Harolds: Set own game mode to Creative Mode]
[17:58:55] [Server thread/INFO]: Harolds issued server command: /mailme LANG EN
[17:59:06] [Server thread/INFO]: Harolds issued server command: /mailme lang PT
[17:59:29] [Server thread/INFO]: Harolds issued server command: /mailme lang EN
[18:00:56] [Server thread/INFO]: Harolds issued server command: /mailme
[18:01:12] [Server thread/WARN]: Can't keep up! Is the server overloaded? Running 13653ms or 273 ticks behind
[18:01:21] [Server thread/INFO]: Harolds issued server command: /mailme
[18:01:24] [Server thread/INFO]: Harolds issued server command: /mailme
[18:01:29] [Server thread/INFO]: Harolds issued server command: /mailme notify true
[18:01:31] [Server thread/INFO]: Harolds issued server command: /mailme send
[18:01:40] [Server thread/INFO]: Harolds issued server command: /mailme send
[18:01:59] [Server thread/WARN]: Can't keep up! Is the server overloaded? Running 17579ms or 351 ticks behind
[18:02:05] [Server thread/INFO]: Harolds issued server command: /mailme mailbox set
[18:02:39] [Server thread/INFO]: Harolds issued server command: /mailme send
[18:02:47] [Server thread/INFO]: Harolds issued server command: /mailme send
[18:02:55] [Server thread/INFO]: Harolds issued server command: /mailme send
[18:03:12] [Server thread/INFO]: Harolds issued server command: /mailme read
[18:03:19] [Server thread/INFO]: Harolds issued server command: /mailme read
[18:04:07] [Server thread/INFO]: Harolds issued server command: /mailme text 1
[18:04:09] [Server thread/INFO]: Harolds issued server command: /mailme text 0
[18:04:14] [Server thread/INFO]: Harolds issued server command: /mailme mailbox remove
[18:05:22] [Server thread/INFO]: Harolds issued server command: /mailme
[18:05:59] [Server thread/INFO]: Harolds issued server command: /mailme read
[18:06:05] [Server thread/WARN]: Can't keep up! Is the server overloaded? Running 5016ms or 100 ticks behind
[18:06:12] [Server thread/INFO]: Harolds issued server command: /mailme read
[18:06:27] [Server thread/INFO]: Harolds issued server command: /mailme read
[18:06:34] [Server thread/INFO]: Harolds lost connection: Disconnected
[18:06:34] [Server thread/INFO]: Harolds left the game
[18:06:35] [Server thread/INFO]: Stopping the server
[18:06:35] [Server thread/INFO]: Stopping server
[18:06:35] [Server thread/INFO]: [MailMe] Disabling MailMe v1.0-BETA
[18:06:35] [Server thread/INFO]: Saving players
[18:06:36] [Server thread/INFO]: Saving worlds
[18:06:36] [Server thread/INFO]: Saving chunks for level 'world'/minecraft:overworld
[18:06:43] [Server thread/INFO]: ThreadedAnvilChunkStorage (world): All chunks are saved
[18:06:43] [Server thread/INFO]: Saving chunks for level 'world_nether'/minecraft:the_nether
[18:06:43] [Server thread/INFO]: ThreadedAnvilChunkStorage (DIM-1): All chunks are saved
[18:06:43] [Server thread/INFO]: Saving chunks for level 'world_the_end'/minecraft:the_end
[18:06:43] [Server thread/INFO]: ThreadedAnvilChunkStorage (DIM1): All chunks are saved
[18:06:43] [Server thread/INFO]: ThreadedAnvilChunkStorage (world): All chunks are saved
[18:06:43] [Server thread/INFO]: ThreadedAnvilChunkStorage (DIM-1): All chunks are saved
[18:06:43] [Server thread/INFO]: ThreadedAnvilChunkStorage (DIM1): All chunks are saved
